{"level":"info","message":"Home route accessed","timestamp":"2025-04-18T12:44:51.086Z"}
{"level":"info","message":"GET / 304 - - 11.695 ms","timestamp":"2025-04-18T12:44:51.101Z"}
{"level":"info","message":"GET /firebase-messaging-sw.js 404 163 - 3.139 ms","timestamp":"2025-04-18T12:44:52.740Z"}
{"level":"info","message":"Server running on port 3000","timestamp":"2025-04-18T12:47:37.403Z"}
{"level":"info","message":"Server running on port 3000","timestamp":"2025-04-18T12:49:15.703Z"}
{"level":"info","message":"Server running on port 3000","timestamp":"2025-04-18T12:49:30.145Z"}
{"level":"info","message":"Server running on port 3000","timestamp":"2025-04-18T12:49:34.746Z"}
{"level":"info","message":"Server running on port 3000","timestamp":"2025-04-18T12:49:53.566Z"}
{"level":"info","message":"Server running on port 3000","timestamp":"2025-04-18T12:49:59.691Z"}
{"level":"info","message":"Server running on port 3000","timestamp":"2025-04-18T12:50:20.198Z"}
{"level":"info","message":"Server running on port 3000","timestamp":"2025-04-18T12:50:25.238Z"}
{"level":"info","message":"Server running on port 3000","timestamp":"2025-04-18T12:50:28.384Z"}
{"level":"info","message":"Server running on port 3000","timestamp":"2025-04-18T12:50:33.465Z"}
{"level":"info","message":"Server running on port 3000","timestamp":"2025-04-18T12:52:43.191Z"}
{"level":"info","message":"Server running on port 3000","timestamp":"2025-04-18T12:53:24.426Z"}
{"level":"info","message":"Server running on port 3000","timestamp":"2025-04-18T12:54:20.393Z"}
{"level":"info","message":"Server running on port 3000","timestamp":"2025-04-18T12:54:23.467Z"}
{"level":"info","message":"Server running on port 3000","timestamp":"2025-04-18T12:57:42.741Z"}
{"level":"info","message":"Server running on port 3000","timestamp":"2025-04-18T12:57:50.454Z"}
{"level":"info","message":"Server running on port 3000","timestamp":"2025-04-18T12:58:34.199Z"}
{"level":"info","message":"Server running on port 3000","timestamp":"2025-04-18T13:00:08.751Z"}
{"level":"info","message":"Server running on port 3000","timestamp":"2025-04-18T13:00:33.881Z"}
{"level":"info","message":"Server running on port 3000","timestamp":"2025-04-18T13:00:36.181Z"}
{"level":"info","message":"Server running on port 3000","timestamp":"2025-04-18T13:03:19.644Z"}
{"level":"info","message":"Server running on port 3000","timestamp":"2025-04-18T13:05:21.732Z"}
{"level":"info","message":"Server running on port 3000","timestamp":"2025-04-18T13:05:59.046Z"}
{"level":"info","message":"Server running on port 3000","timestamp":"2025-04-18T13:06:00.792Z"}
{"level":"info","message":"HTTP Request: {\"method\":\"GET\",\"url\":\"/api-docs\",\"status\":\"301\",\"response_time\":\"2.201ms\"}\n","timestamp":"2025-04-18T13:06:36.153Z"}
{"level":"info","message":"HTTP Request: {\"method\":\"GET\",\"url\":\"/api-docs/\",\"status\":\"200\",\"response_time\":\"2.162ms\"}\n","timestamp":"2025-04-18T13:06:36.158Z"}
{"level":"info","message":"HTTP Request: {\"method\":\"GET\",\"url\":\"/api-docs/swagger-ui-init.js\",\"status\":\"200\",\"response_time\":\"0.285ms\"}\n","timestamp":"2025-04-18T13:06:36.192Z"}
{"level":"info","message":"HTTP Request: {\"method\":\"GET\",\"url\":\"/api-docs/swagger-ui.css\",\"status\":\"200\",\"response_time\":\"5.193ms\"}\n","timestamp":"2025-04-18T13:06:36.196Z"}
{"level":"info","message":"HTTP Request: {\"method\":\"GET\",\"url\":\"/api-docs/swagger-ui-standalone-preset.js\",\"status\":\"200\",\"response_time\":\"4.029ms\"}\n","timestamp":"2025-04-18T13:06:36.198Z"}
{"level":"info","message":"HTTP Request: {\"method\":\"GET\",\"url\":\"/api-docs/swagger-ui-bundle.js\",\"status\":\"200\",\"response_time\":\"5.184ms\"}\n","timestamp":"2025-04-18T13:06:36.204Z"}
{"level":"info","message":"HTTP Request: {\"method\":\"GET\",\"url\":\"/api-docs/favicon-32x32.png\",\"status\":\"200\",\"response_time\":\"0.609ms\"}\n","timestamp":"2025-04-18T13:06:36.370Z"}
{"level":"info","message":"HTTP Request: {\"method\":\"GET\",\"url\":\"/firebase-messaging-sw.js\",\"status\":\"404\",\"response_time\":\"0.849ms\"}\n","timestamp":"2025-04-18T13:06:37.908Z"}
{"level":"info","message":"Server running on port 3000","timestamp":"2025-04-18T13:10:03.633Z"}
{"level":"info","message":"Server running on port 3000","timestamp":"2025-04-18T13:16:39.597Z"}
{"level":"info","message":"Server running on port 3000","timestamp":"2025-04-18T13:16:50.068Z"}
{"level":"info","message":"Server running on port 3000","timestamp":"2025-04-18T13:16:57.421Z"}
{"level":"info","message":"Server running on port 3000","timestamp":"2025-04-18T13:17:28.403Z"}
{"level":"info","message":"Server running on port 3000","timestamp":"2025-04-18T13:19:41.311Z"}
{"level":"info","message":"Server running on port 3000","timestamp":"2025-04-18T13:19:44.066Z"}
{"level":"info","message":"HTTP Request: {\"method\":\"GET\",\"url\":\"/api-docs/\",\"status\":\"304\",\"response_time\":\"6.265ms\"}\n","timestamp":"2025-04-18T13:20:06.030Z"}
{"level":"info","message":"HTTP Request: {\"method\":\"GET\",\"url\":\"/api-docs/swagger-ui.css\",\"status\":\"304\",\"response_time\":\"3.948ms\"}\n","timestamp":"2025-04-18T13:20:06.088Z"}
{"level":"info","message":"HTTP Request: {\"method\":\"GET\",\"url\":\"/api-docs/swagger-ui-bundle.js\",\"status\":\"304\",\"response_time\":\"4.064ms\"}\n","timestamp":"2025-04-18T13:20:06.090Z"}
{"level":"info","message":"HTTP Request: {\"method\":\"GET\",\"url\":\"/api-docs/swagger-ui-standalone-preset.js\",\"status\":\"304\",\"response_time\":\"1.348ms\"}\n","timestamp":"2025-04-18T13:20:06.093Z"}
{"level":"info","message":"HTTP Request: {\"method\":\"GET\",\"url\":\"/api-docs/swagger-ui-init.js\",\"status\":\"200\",\"response_time\":\"1.248ms\"}\n","timestamp":"2025-04-18T13:20:06.097Z"}
{"level":"info","message":"HTTP Request: {\"method\":\"GET\",\"url\":\"/api-docs/favicon-32x32.png\",\"status\":\"304\",\"response_time\":\"0.887ms\"}\n","timestamp":"2025-04-18T13:20:06.406Z"}
{"level":"info","message":"HTTP Request: {\"method\":\"GET\",\"url\":\"/firebase-messaging-sw.js\",\"status\":\"404\",\"response_time\":\"2.915ms\"}\n","timestamp":"2025-04-18T13:20:08.223Z"}
{"level":"info","message":"Server running on port 3000","timestamp":"2025-04-18T13:20:30.282Z"}
{"level":"info","message":"Server running on port 3000","timestamp":"2025-04-18T13:20:31.944Z"}
{"level":"info","message":"HTTP Request: {\"method\":\"GET\",\"url\":\"/api-docs/\",\"status\":\"304\",\"response_time\":\"9.256ms\"}\n","timestamp":"2025-04-18T13:20:32.363Z"}
{"level":"info","message":"HTTP Request: {\"method\":\"GET\",\"url\":\"/api-docs/swagger-ui.css\",\"status\":\"304\",\"response_time\":\"2.818ms\"}\n","timestamp":"2025-04-18T13:20:32.414Z"}
{"level":"info","message":"HTTP Request: {\"method\":\"GET\",\"url\":\"/api-docs/swagger-ui-standalone-preset.js\",\"status\":\"304\",\"response_time\":\"4.695ms\"}\n","timestamp":"2025-04-18T13:20:32.422Z"}
{"level":"info","message":"HTTP Request: {\"method\":\"GET\",\"url\":\"/api-docs/swagger-ui-bundle.js\",\"status\":\"304\",\"response_time\":\"4.906ms\"}\n","timestamp":"2025-04-18T13:20:32.425Z"}
{"level":"info","message":"HTTP Request: {\"method\":\"GET\",\"url\":\"/api-docs/swagger-ui-init.js\",\"status\":\"304\",\"response_time\":\"1.164ms\"}\n","timestamp":"2025-04-18T13:20:32.429Z"}
{"level":"info","message":"HTTP Request: {\"method\":\"GET\",\"url\":\"/api-docs/favicon-32x32.png\",\"status\":\"304\",\"response_time\":\"0.515ms\"}\n","timestamp":"2025-04-18T13:20:32.707Z"}
{"level":"info","message":"HTTP Request: {\"method\":\"GET\",\"url\":\"/firebase-messaging-sw.js\",\"status\":\"404\",\"response_time\":\"2.127ms\"}\n","timestamp":"2025-04-18T13:20:34.300Z"}
{"level":"info","message":"Server running on port 3000","timestamp":"2025-04-18T13:20:39.364Z"}
{"level":"info","message":"HTTP Request: {\"method\":\"GET\",\"url\":\"/api-docs/\",\"status\":\"304\",\"response_time\":\"6.894ms\"}\n","timestamp":"2025-04-18T13:20:40.857Z"}
{"level":"info","message":"HTTP Request: {\"method\":\"GET\",\"url\":\"/api-docs/swagger-ui.css\",\"status\":\"304\",\"response_time\":\"3.904ms\"}\n","timestamp":"2025-04-18T13:20:40.913Z"}
{"level":"info","message":"HTTP Request: {\"method\":\"GET\",\"url\":\"/api-docs/swagger-ui-bundle.js\",\"status\":\"304\",\"response_time\":\"4.205ms\"}\n","timestamp":"2025-04-18T13:20:40.915Z"}
{"level":"info","message":"HTTP Request: {\"method\":\"GET\",\"url\":\"/api-docs/swagger-ui-standalone-preset.js\",\"status\":\"304\",\"response_time\":\"1.306ms\"}\n","timestamp":"2025-04-18T13:20:40.918Z"}
{"level":"info","message":"HTTP Request: {\"method\":\"GET\",\"url\":\"/api-docs/swagger-ui-init.js\",\"status\":\"304\",\"response_time\":\"0.575ms\"}\n","timestamp":"2025-04-18T13:20:40.921Z"}
{"level":"info","message":"HTTP Request: {\"method\":\"GET\",\"url\":\"/api-docs/favicon-32x32.png\",\"status\":\"304\",\"response_time\":\"1.101ms\"}\n","timestamp":"2025-04-18T13:20:41.141Z"}
{"level":"info","message":"HTTP Request: {\"method\":\"GET\",\"url\":\"/firebase-messaging-sw.js\",\"status\":\"404\",\"response_time\":\"2.601ms\"}\n","timestamp":"2025-04-18T13:20:42.730Z"}
{"level":"info","message":"Server running on port 3000","timestamp":"2025-04-18T13:29:30.344Z"}
{"level":"info","message":"Server running on port 3000","timestamp":"2025-04-18T13:31:50.407Z"}
{"level":"info","message":"Server running on port 3000","timestamp":"2025-04-18T13:31:55.254Z"}
{"level":"info","message":"Server running on port 3000","timestamp":"2025-04-18T13:33:17.667Z"}
{"level":"info","message":"Server running on port 3000","timestamp":"2025-04-18T13:33:22.472Z"}
{"level":"info","message":"Server running on port 3000","timestamp":"2025-04-18T13:36:52.923Z"}
{"level":"info","message":"HTTP Request: {\"method\":\"POST\",\"url\":\"/auth/signup\",\"status\":\"400\",\"response_time\":\"4.517ms\"}\n","timestamp":"2025-04-18T13:37:49.698Z"}
{"level":"info","message":"HTTP Request: {\"method\":\"POST\",\"url\":\"/auth/signup\",\"status\":\"400\",\"response_time\":\"1.588ms\"}\n","timestamp":"2025-04-18T13:38:04.230Z"}
{"level":"info","message":"HTTP Request: {\"method\":\"POST\",\"url\":\"/auth/signup\",\"status\":\"400\",\"response_time\":\"0.835ms\"}\n","timestamp":"2025-04-18T13:38:12.300Z"}
{"level":"info","message":"Server running on port 3000","timestamp":"2025-04-18T13:38:48.598Z"}
{"level":"info","message":"Server running on port 3000","timestamp":"2025-04-18T13:38:51.758Z"}
{"level":"info","message":"Server running on port 3000","timestamp":"2025-04-18T13:38:54.539Z"}
{"level":"info","message":"Server running on port 3000","timestamp":"2025-04-18T13:38:57.913Z"}
{"level":"info","message":"HTTP Request: {\"method\":\"POST\",\"url\":\"/auth/signup\",\"status\":\"200\",\"response_time\":\"149.618ms\"}\n","timestamp":"2025-04-18T13:39:18.582Z"}
{"level":"info","message":"HTTP Request: {\"method\":\"POST\",\"url\":\"/auth/login\",\"status\":\"400\",\"response_time\":\"3.309ms\"}\n","timestamp":"2025-04-18T13:39:24.166Z"}
{"level":"info","message":"HTTP Request: {\"method\":\"POST\",\"url\":\"/auth/login\",\"status\":\"200\",\"response_time\":\"109.940ms\"}\n","timestamp":"2025-04-18T13:39:34.906Z"}
{"level":"info","message":"HTTP Request: {\"method\":\"GET\",\"url\":\"/me\",\"status\":\"200\",\"response_time\":\"16.516ms\"}\n","timestamp":"2025-04-18T13:39:49.410Z"}
{"level":"info","message":"HTTP Request: {\"method\":\"GET\",\"url\":\"/admin/stats\",\"status\":\"403\",\"response_time\":\"0.653ms\"}\n","timestamp":"2025-04-18T13:40:04.035Z"}
{"level":"info","message":"HTTP Request: {\"method\":\"GET\",\"url\":\"/me\",\"status\":\"200\",\"response_time\":\"13.533ms\"}\n","timestamp":"2025-04-18T13:40:15.263Z"}
{"level":"info","message":"HTTP Request: {\"method\":\"GET\",\"url\":\"/me\",\"status\":\"200\",\"response_time\":\"14.479ms\"}\n","timestamp":"2025-04-18T13:40:36.763Z"}
{"level":"info","message":"HTTP Request: {\"method\":\"GET\",\"url\":\"/admin/stats\",\"status\":\"403\",\"response_time\":\"0.392ms\"}\n","timestamp":"2025-04-18T13:40:45.512Z"}
{"level":"info","message":"Server running on port 3000","timestamp":"2025-04-18T13:42:40.604Z"}
{"level":"info","message":"HTTP Request: {\"method\":\"GET\",\"url\":\"/admin/stats\",\"status\":\"401\",\"response_time\":\"2.654ms\"}\n","timestamp":"2025-04-18T13:42:46.376Z"}
{"level":"info","message":"HTTP Request: {\"method\":\"GET\",\"url\":\"/admin/stats\",\"status\":\"401\",\"response_time\":\"0.948ms\"}\n","timestamp":"2025-04-18T13:42:54.455Z"}
{"level":"info","message":"HTTP Request: {\"method\":\"GET\",\"url\":\"/me\",\"status\":\"400\",\"response_time\":\"29.979ms\"}\n","timestamp":"2025-04-18T13:43:08.319Z"}
{"level":"info","message":"HTTP Request: {\"method\":\"GET\",\"url\":\"/me\",\"status\":\"400\",\"response_time\":\"3.372ms\"}\n","timestamp":"2025-04-18T13:43:11.785Z"}
{"level":"info","message":"HTTP Request: {\"method\":\"POST\",\"url\":\"/auth/login\",\"status\":\"500\",\"response_time\":\"21.482ms\"}\n","timestamp":"2025-04-18T13:43:42.394Z"}
{"level":"info","message":"HTTP Request: {\"method\":\"POST\",\"url\":\"/auth/login\",\"status\":\"500\",\"response_time\":\"2.314ms\"}\n","timestamp":"2025-04-18T13:43:50.392Z"}
{"level":"info","message":"Server running on port 3000","timestamp":"2025-04-18T13:46:43.670Z"}
{"level":"info","message":"Server running on port 3000","timestamp":"2025-04-18T13:48:38.088Z"}
{"level":"info","message":"Server running on port 3000","timestamp":"2025-04-21T04:57:31.033Z"}
{"level":"info","message":"HTTP Request: {\"method\":\"POST\",\"url\":\"/auth/signup\",\"status\":\"200\",\"response_time\":\"68.065ms\"}\n","timestamp":"2025-04-21T04:58:31.959Z"}
{"level":"info","message":"HTTP Request: {\"method\":\"POST\",\"url\":\"/auth/login\",\"status\":\"200\",\"response_time\":\"53.167ms\"}\n","timestamp":"2025-04-21T04:58:47.746Z"}
{"level":"info","message":"HTTP Request: {\"method\":\"GET\",\"url\":\"/admin/stats\",\"status\":\"401\",\"response_time\":\"0.530ms\"}\n","timestamp":"2025-04-21T04:59:33.331Z"}
{"level":"info","message":"HTTP Request: {\"method\":\"GET\",\"url\":\"/me\",\"status\":\"200\",\"response_time\":\"9.517ms\"}\n","timestamp":"2025-04-21T04:59:55.900Z"}
{"level":"info","message":"HTTP Request: {\"method\":\"POST\",\"url\":\"/photos/upload\",\"status\":\"500\",\"response_time\":\"17.394ms\"}\n","timestamp":"2025-04-21T05:01:23.679Z"}
{"level":"info","message":"Server running on port 3000","timestamp":"2025-04-21T05:04:30.715Z"}
{"level":"info","message":"Server running on port 3000","timestamp":"2025-04-21T05:04:33.685Z"}
{"level":"info","message":"Server running on port 3000","timestamp":"2025-04-21T05:04:39.506Z"}
{"level":"info","message":"Server running on port 3000","timestamp":"2025-04-21T05:04:41.483Z"}
{"level":"info","message":"Attempting to create photo","timestamp":"2025-04-21T05:04:45.409Z","user":"77e9d188-e62f-4efb-867f-9323094f86f7"}
{"level":"info","message":"Photo created successfully","photoId":"wtcqlmnixyxgalx7sbor","timestamp":"2025-04-21T05:04:47.934Z"}
{"level":"info","message":"HTTP Request: {\"method\":\"POST\",\"url\":\"/photos/upload\",\"status\":\"200\",\"response_time\":\"2535.111ms\"}\n","timestamp":"2025-04-21T05:04:47.935Z"}
{"level":"info","message":"HTTP Request: {\"method\":\"POST\",\"url\":\"/photos/\",\"status\":\"404\",\"response_time\":\"1.584ms\"}\n","timestamp":"2025-04-21T05:05:27.689Z"}
{"level":"info","message":"HTTP Request: {\"method\":\"GET\",\"url\":\"/photos\",\"status\":\"200\",\"response_time\":\"13.335ms\"}\n","timestamp":"2025-04-21T05:05:35.659Z"}
{"level":"info","message":"HTTP Request: {\"method\":\"GET\",\"url\":\"/photos/https://res.cloudinary.com/dt8kdhgyp/image/upload/v1745211887/wtcqlmnixyxgalx7sbor.png\",\"status\":\"404\",\"response_time\":\"0.871ms\"}\n","timestamp":"2025-04-21T05:06:24.118Z"}
{"level":"info","message":"Server running on port 3000","timestamp":"2025-04-21T05:07:03.676Z"}
{"level":"info","message":"HTTP Request: {\"method\":\"GET\",\"url\":\"/photos/wtcqlmnixyxgalx7sbor\",\"status\":\"500\",\"response_time\":\"6.815ms\"}\n","timestamp":"2025-04-21T05:07:08.543Z"}
{"level":"info","message":"HTTP Request: {\"method\":\"GET\",\"url\":\"/photos/d9d55ea6bc0a0e5ae3560c43fa455ed4\",\"status\":\"404\",\"response_time\":\"8.818ms\"}\n","timestamp":"2025-04-21T05:07:37.938Z"}
{"level":"info","message":"HTTP Request: {\"method\":\"GET\",\"url\":\"/photos/d9d55ea6bc0a0e5ae3560c43fa455ed4\",\"status\":\"404\",\"response_time\":\"2.470ms\"}\n","timestamp":"2025-04-21T05:07:39.945Z"}
{"level":"info","message":"HTTP Request: {\"method\":\"GET\",\"url\":\"/photos/1ee835070e3f5008d394e6e2f909cab92a7796d2\",\"status\":\"500\",\"response_time\":\"7.461ms\"}\n","timestamp":"2025-04-21T05:08:06.582Z"}
{"level":"info","message":"HTTP Request: {\"method\":\"GET\",\"url\":\"/photos/080fb8ed3c994e5df1bc9c428b5142d8\",\"status\":\"404\",\"response_time\":\"8.591ms\"}\n","timestamp":"2025-04-21T05:08:19.902Z"}
{"level":"info","message":"HTTP Request: {\"method\":\"GET\",\"url\":\"/photos/080fb8ed3c994e5df1bc9c428b5142d8\",\"status\":\"404\",\"response_time\":\"2.813ms\"}\n","timestamp":"2025-04-21T05:08:21.110Z"}
{"level":"info","message":"HTTP Request: {\"method\":\"GET\",\"url\":\"/photos/965292164285159\",\"status\":\"500\",\"response_time\":\"7.003ms\"}\n","timestamp":"2025-04-21T05:08:37.378Z"}
{"level":"info","message":"HTTP Request: {\"method\":\"GET\",\"url\":\"/photos/d9d55ea6bc0a0e5ae3560c43fa455ed4\",\"status\":\"404\",\"response_time\":\"8.757ms\"}\n","timestamp":"2025-04-21T05:09:19.291Z"}
{"level":"info","message":"HTTP Request: {\"method\":\"GET\",\"url\":\"/photos/\",\"status\":\"200\",\"response_time\":\"7.108ms\"}\n","timestamp":"2025-04-21T05:09:29.014Z"}
{"level":"info","message":"HTTP Request: {\"method\":\"GET\",\"url\":\"/photos/4959c627-7906-4768-b22b-2d9043b77416\",\"status\":\"200\",\"response_time\":\"9.728ms\"}\n","timestamp":"2025-04-21T05:09:44.715Z"}
{"level":"info","message":"HTTP Request: {\"method\":\"DELETE\",\"url\":\"/photos/4959c627-7906-4768-b22b-2d9043b77416\",\"status\":\"500\",\"response_time\":\"2648.672ms\"}\n","timestamp":"2025-04-21T05:10:23.912Z"}
{"level":"info","message":"HTTP Request: {\"method\":\"GET\",\"url\":\"/photos/4959c627-7906-4768-b22b-2d9043b77416\",\"status\":\"200\",\"response_time\":\"7.590ms\"}\n","timestamp":"2025-04-21T05:10:31.296Z"}
{"level":"info","message":"HTTP Request: {\"method\":\"DELETE\",\"url\":\"/photos/4959c627-7906-4768-b22b-2d9043b77416\",\"status\":\"500\",\"response_time\":\"1402.618ms\"}\n","timestamp":"2025-04-21T05:10:49.499Z"}
{"level":"info","message":"HTTP Request: {\"method\":\"GET\",\"url\":\"/photos/4959c627-7906-4768-b22b-2d9043b77416\",\"status\":\"200\",\"response_time\":\"15.144ms\"}\n","timestamp":"2025-04-21T05:14:00.391Z"}
{"level":"info","message":"HTTP Request: {\"method\":\"DELETE\",\"url\":\"/photos/wtcqlmnixyxgalx7sbor\",\"status\":\"500\",\"response_time\":\"17.485ms\"}\n","timestamp":"2025-04-21T05:14:25.182Z"}
{"level":"info","message":"HTTP Request: {\"method\":\"GET\",\"url\":\"/photos/wtcqlmnixyxgalx7sbor\",\"status\":\"500\",\"response_time\":\"5.421ms\"}\n","timestamp":"2025-04-21T05:14:34.962Z"}
{"level":"info","message":"HTTP Request: {\"method\":\"GET\",\"url\":\"/photos/4959c627-7906-4768-b22b-2d9043b77416\",\"status\":\"200\",\"response_time\":\"17.753ms\"}\n","timestamp":"2025-04-21T05:14:48.108Z"}
{"level":"info","message":"Server running on port 3000","timestamp":"2025-04-21T05:19:37.610Z"}
{"level":"info","message":"Server running on port 3000","timestamp":"2025-04-21T05:19:47.336Z"}
{"level":"info","message":"Server running on port 3000","timestamp":"2025-04-21T05:20:13.294Z"}
{"level":"info","message":"Server running on port 3000","timestamp":"2025-04-21T05:20:18.323Z"}
{"level":"info","message":"Server running on port 3000","timestamp":"2025-04-21T05:20:31.652Z"}
{"level":"info","message":"Server running on port 3000","timestamp":"2025-04-21T05:20:36.917Z"}
{"level":"info","message":"Server running on port 3000","timestamp":"2025-04-21T05:20:41.807Z"}
{"level":"info","message":"Server running on port 3000","timestamp":"2025-04-21T05:20:42.937Z"}
{"level":"info","message":"Server running on port 3000","timestamp":"2025-04-21T05:20:57.780Z"}
{"level":"info","message":"Server running on port 3000","timestamp":"2025-04-21T05:21:14.739Z"}
{"level":"info","message":"Server running on port 3000","timestamp":"2025-04-21T05:21:24.957Z"}
{"level":"info","message":"HTTP Request: {\"method\":\"GET\",\"url\":\"/photos/4959c627-7906-4768-b22b-2d9043b77416\",\"status\":\"200\",\"response_time\":\"14.416ms\"}\n","timestamp":"2025-04-21T05:21:35.545Z"}
{"level":"info","message":"HTTP Request: {\"method\":\"DELETE\",\"url\":\"/photos/4959c627-7906-4768-b22b-2d9043b77416\",\"status\":\"500\",\"response_time\":\"1730.310ms\"}\n","timestamp":"2025-04-21T05:21:42.639Z"}
{"level":"info","message":"HTTP Request: {\"method\":\"GET\",\"url\":\"/photos/4959c627-7906-4768-b22b-2d9043b77416\",\"status\":\"200\",\"response_time\":\"24.261ms\"}\n","timestamp":"2025-04-21T05:21:51.799Z"}
{"level":"info","message":"HTTP Request: {\"method\":\"GET\",\"url\":\"/photos/wtcqlmnixyxgalx7sbor\",\"status\":\"500\",\"response_time\":\"21.297ms\"}\n","timestamp":"2025-04-21T05:22:26.263Z"}
{"level":"info","message":"HTTP Request: {\"method\":\"DELETE\",\"url\":\"/photos/wtcqlmnixyxgalx7sbor\",\"status\":\"500\",\"response_time\":\"4.634ms\"}\n","timestamp":"2025-04-21T05:22:32.469Z"}
{"level":"info","message":"HTTP Request: {\"method\":\"GET\",\"url\":\"/photos/4959c627-7906-4768-b22b-2d9043b77416\",\"status\":\"200\",\"response_time\":\"21.265ms\"}\n","timestamp":"2025-04-21T05:22:40.014Z"}
{"level":"info","message":"HTTP Request: {\"method\":\"GET\",\"url\":\"/photos/77e9d188-e62f-4efb-867f-9323094f86f7\",\"status\":\"404\",\"response_time\":\"21.660ms\"}\n","timestamp":"2025-04-21T05:23:03.511Z"}
{"level":"info","message":"HTTP Request: {\"method\":\"DELETE\",\"url\":\"/photos/77e9d188-e62f-4efb-867f-9323094f86f7\",\"status\":\"404\",\"response_time\":\"5.095ms\"}\n","timestamp":"2025-04-21T05:23:10.002Z"}
{"level":"info","message":"HTTP Request: {\"method\":\"GET\",\"url\":\"/photos/\",\"status\":\"200\",\"response_time\":\"7.694ms\"}\n","timestamp":"2025-04-21T05:23:17.696Z"}
{"level":"info","message":"Server running on port 3000","timestamp":"2025-04-21T05:24:07.502Z"}
{"level":"info","message":"Server running on port 3000","timestamp":"2025-04-21T05:24:10.722Z"}
{"level":"info","message":"Server running on port 3000","timestamp":"2025-04-21T05:24:13.596Z"}
{"level":"info","message":"Server running on port 3000","timestamp":"2025-04-21T05:24:16.564Z"}
{"level":"info","message":"Server running on port 3000","timestamp":"2025-04-21T05:24:23.464Z"}
{"level":"info","message":"Server running on port 3000","timestamp":"2025-04-21T05:25:21.631Z"}
{"level":"info","message":"HTTP Request: {\"method\":\"DELETE\",\"url\":\"/photos/4959c627-7906-4768-b22b-2d9043b77416\",\"status\":\"200\",\"response_time\":\"1677.682ms\"}\n","timestamp":"2025-04-21T05:25:43.706Z"}
{"level":"info","message":"Server running on port 3000","timestamp":"2025-04-21T05:26:10.461Z"}
{"level":"info","message":"Server running on port 3000","timestamp":"2025-04-21T05:26:12.117Z"}
{"level":"info","message":"Server running on port 3000","timestamp":"2025-04-21T05:26:14.977Z"}
{"level":"info","message":"Server running on port 3000","timestamp":"2025-04-21T05:26:16.433Z"}
{"level":"info","message":"Server running on port 3000","timestamp":"2025-04-21T05:26:22.014Z"}
{"level":"info","message":"HTTP Request: {\"method\":\"GET\",\"url\":\"/photos/4959c627-7906-4768-b22b-2d9043b77416\",\"status\":\"404\",\"response_time\":\"33.752ms\"}\n","timestamp":"2025-04-21T05:26:51.482Z"}
{"level":"info","message":"HTTP Request: {\"method\":\"GET\",\"url\":\"/me\",\"status\":\"200\",\"response_time\":\"15.876ms\"}\n","timestamp":"2025-04-21T05:28:11.056Z"}
{"level":"info","message":"HTTP Request: {\"method\":\"GET\",\"url\":\"/admin/stats\",\"status\":\"401\",\"response_time\":\"0.559ms\"}\n","timestamp":"2025-04-21T05:28:29.922Z"}
{"level":"info","message":"Server running on port 3000","timestamp":"2025-04-21T05:32:14.216Z"}
{"level":"info","message":"HTTP Request: {\"method\":\"GET\",\"url\":\"/admin/stats\",\"status\":\"500\",\"response_time\":\"33.988ms\"}\n","timestamp":"2025-04-21T05:32:41.733Z"}
{"level":"info","message":"Server running on port 3000","timestamp":"2025-04-21T05:34:56.623Z"}
{"level":"info","message":"Server running on port 3000","timestamp":"2025-04-21T05:34:57.643Z"}
{"level":"info","message":"HTTP Request: {\"method\":\"GET\",\"url\":\"/admin/stats\",\"status\":\"500\",\"response_time\":\"15.603ms\"}\n","timestamp":"2025-04-21T05:35:01.597Z"}
{"level":"info","message":"Server running on port 3000","timestamp":"2025-04-21T05:36:37.102Z"}
{"level":"info","message":"Server running on port 3000","timestamp":"2025-04-21T05:37:03.170Z"}
{"level":"info","message":"Server running on port 3000","timestamp":"2025-04-21T05:37:05.402Z"}
{"level":"info","message":"Server running on port 3000","timestamp":"2025-04-21T05:37:07.157Z"}
{"level":"info","message":"Server running on port 3000","timestamp":"2025-04-21T05:37:26.572Z"}
{"level":"info","message":"Server running on port 3000","timestamp":"2025-04-21T05:37:29.020Z"}
{"level":"info","message":"Server running on port 3000","timestamp":"2025-04-21T05:37:30.774Z"}
{"level":"info","message":"Server running on port 3000","timestamp":"2025-04-21T05:37:32.694Z"}
{"level":"info","message":"Server running on port 3000","timestamp":"2025-04-21T05:37:54.970Z"}
{"level":"info","message":"HTTP Request: {\"method\":\"GET\",\"url\":\"/admin/stats\",\"status\":\"500\",\"response_time\":\"30.687ms\"}\n","timestamp":"2025-04-21T05:38:27.207Z"}
{"level":"info","message":"Server running on port 3000","timestamp":"2025-04-21T05:38:38.975Z"}
{"level":"info","message":"Server running on port 3000","timestamp":"2025-04-21T05:39:00.749Z"}
{"level":"info","message":"HTTP Request: {\"method\":\"GET\",\"url\":\"/admin/stats\",\"status\":\"200\",\"response_time\":\"32.881ms\"}\n","timestamp":"2025-04-21T05:39:06.196Z"}
{"level":"info","message":"HTTP Request: {\"method\":\"GET\",\"url\":\"/me\",\"status\":\"400\",\"response_time\":\"20.026ms\"}\n","timestamp":"2025-04-21T05:39:29.661Z"}
{"level":"info","message":"HTTP Request: {\"method\":\"POST\",\"url\":\"/auth/login\",\"status\":\"200\",\"response_time\":\"115.911ms\"}\n","timestamp":"2025-04-21T05:39:57.242Z"}
{"level":"info","message":"Attempting to create photo","timestamp":"2025-04-21T05:40:30.834Z","user":"77e9d188-e62f-4efb-867f-9323094f86f7"}
{"level":"info","message":"Photo created successfully","photoId":"lfwyzkil4fy5iayxa2su","timestamp":"2025-04-21T05:40:32.999Z"}
{"level":"info","message":"HTTP Request: {\"method\":\"POST\",\"url\":\"/photos/upload\",\"status\":\"200\",\"response_time\":\"2206.041ms\"}\n","timestamp":"2025-04-21T05:40:33.001Z"}
{"level":"info","message":"Attempting to create photo","timestamp":"2025-04-21T05:40:47.731Z","user":"77e9d188-e62f-4efb-867f-9323094f86f7"}
{"level":"info","message":"Photo created successfully","photoId":"q1tlybc3dla0xlvd01oc","timestamp":"2025-04-21T05:40:54.136Z"}
{"level":"info","message":"HTTP Request: {\"method\":\"POST\",\"url\":\"/photos/upload\",\"status\":\"200\",\"response_time\":\"6438.193ms\"}\n","timestamp":"2025-04-21T05:40:54.138Z"}
{"level":"info","message":"Attempting to create photo","timestamp":"2025-04-21T05:40:56.646Z","user":"77e9d188-e62f-4efb-867f-9323094f86f7"}
{"level":"info","message":"Photo created successfully","photoId":"olbn6ah73l3ez8iktp0g","timestamp":"2025-04-21T05:40:59.809Z"}
{"level":"info","message":"HTTP Request: {\"method\":\"POST\",\"url\":\"/photos/upload\",\"status\":\"200\",\"response_time\":\"3181.496ms\"}\n","timestamp":"2025-04-21T05:40:59.814Z"}
{"level":"info","message":"Attempting to create photo","timestamp":"2025-04-21T05:41:11.619Z","user":"77e9d188-e62f-4efb-867f-9323094f86f7"}
{"level":"info","message":"Photo created successfully","photoId":"d4ya7jodhc51kt7sbpxq","timestamp":"2025-04-21T05:41:15.586Z"}
{"level":"info","message":"HTTP Request: {\"method\":\"POST\",\"url\":\"/photos/upload\",\"status\":\"200\",\"response_time\":\"3984.494ms\"}\n","timestamp":"2025-04-21T05:41:15.588Z"}
{"level":"info","message":"HTTP Request: {\"method\":\"GET\",\"url\":\"/admin/stats\",\"status\":\"200\",\"response_time\":\"7.383ms\"}\n","timestamp":"2025-04-21T05:41:22.299Z"}
{"level":"info","message":"HTTP Request: {\"method\":\"GET\",\"url\":\"/admin/stats\",\"status\":\"200\",\"response_time\":\"19.222ms\"}\n","timestamp":"2025-04-21T05:41:38.066Z"}
{"level":"info","message":"HTTP Request: {\"method\":\"GET\",\"url\":\"/photois/84eb5254-b36f-49b9-a69c-83e6d17bfc5f\",\"status\":\"404\",\"response_time\":\"1.626ms\"}\n","timestamp":"2025-04-21T05:42:04.695Z"}
{"level":"info","message":"HTTP Request: {\"method\":\"GET\",\"url\":\"/photos/84eb5254-b36f-49b9-a69c-83e6d17bfc5f\",\"status\":\"200\",\"response_time\":\"22.911ms\"}\n","timestamp":"2025-04-21T05:42:10.071Z"}
{"level":"info","message":"HTTP Request: {\"method\":\"GET\",\"url\":\"/admine/stats\",\"status\":\"404\",\"response_time\":\"1.152ms\"}\n","timestamp":"2025-04-21T05:42:32.539Z"}
{"level":"info","message":"HTTP Request: {\"method\":\"GET\",\"url\":\"/admin/stats\",\"status\":\"200\",\"response_time\":\"24.459ms\"}\n","timestamp":"2025-04-21T05:42:34.916Z"}
{"level":"info","message":"Server running on port 3000","timestamp":"2025-04-21T05:43:38.561Z"}
{"level":"info","message":"Server running on port 3000","timestamp":"2025-04-21T05:43:41.013Z"}
{"level":"info","message":"HTTP Request: {\"method\":\"GET\",\"url\":\"/admin/stats\",\"status\":\"500\",\"response_time\":\"20.650ms\"}\n","timestamp":"2025-04-21T05:43:45.849Z"}
{"level":"info","message":"Server running on port 3000","timestamp":"2025-04-21T05:47:44.856Z"}
{"level":"info","message":"Server running on port 3000","timestamp":"2025-04-21T05:48:26.428Z"}
{"level":"info","message":"Server running on port 3000","timestamp":"2025-04-21T05:50:38.104Z"}
{"level":"info","message":"Server running on port 3000","timestamp":"2025-04-21T05:50:39.535Z"}
{"level":"info","message":"HTTP Request: {\"method\":\"GET\",\"url\":\"/admin/stats\",\"status\":\"500\",\"response_time\":\"35.468ms\"}\n","timestamp":"2025-04-21T05:50:44.111Z"}
{"level":"info","message":"Server running on port 3000","timestamp":"2025-04-21T05:51:45.010Z"}
{"level":"info","message":"Server running on port 3000","timestamp":"2025-04-21T05:51:47.516Z"}
{"level":"info","message":"HTTP Request: {\"method\":\"GET\",\"url\":\"/admin/stats\",\"status\":\"500\",\"response_time\":\"23.281ms\"}\n","timestamp":"2025-04-21T05:51:51.570Z"}
{"level":"info","message":"Server running on port 3000","timestamp":"2025-04-21T05:52:49.094Z"}
{"level":"info","message":"HTTP Request: {\"method\":\"GET\",\"url\":\"/admin/stats\",\"status\":\"500\",\"response_time\":\"50.214ms\"}\n","timestamp":"2025-04-21T05:53:04.035Z"}
{"level":"info","message":"Server running on port 3000","timestamp":"2025-04-21T05:56:45.424Z"}
{"level":"info","message":"Server running on port 3000","timestamp":"2025-04-21T05:56:46.442Z"}
{"level":"info","message":"HTTP Request: {\"method\":\"GET\",\"url\":\"/admin/stats\",\"status\":\"200\",\"response_time\":\"20.507ms\"}\n","timestamp":"2025-04-21T05:56:54.095Z"}
{"level":"info","message":"HTTP Request: {\"method\":\"GET\",\"url\":\"/photos/84eb5254-b36f-49b9-a69c-83e6d17bfc5f\",\"status\":\"200\",\"response_time\":\"26.031ms\"}\n","timestamp":"2025-04-21T05:57:32.698Z"}
{"level":"info","message":"Server running on port 3000","timestamp":"2025-04-21T06:05:41.480Z"}
{"level":"info","message":"Server running on port 3000","timestamp":"2025-04-21T06:05:43.170Z"}
{"level":"info","message":"Server running on port 3000","timestamp":"2025-04-21T06:05:47.657Z"}
{"level":"info","message":"Server running on port 3000","timestamp":"2025-04-21T06:05:50.416Z"}
{"level":"info","message":"Server running on port 3000","timestamp":"2025-04-21T06:08:11.799Z"}
{"level":"info","message":"HTTP Request: {\"method\":\"GET\",\"url\":\"/api-docs/\",\"status\":\"304\",\"response_time\":\"11.228ms\"}\n","timestamp":"2025-04-21T06:08:29.787Z"}
{"level":"info","message":"HTTP Request: {\"method\":\"GET\",\"url\":\"/api-docs/swagger-ui.css\",\"status\":\"304\",\"response_time\":\"4.460ms\"}\n","timestamp":"2025-04-21T06:08:29.857Z"}
{"level":"info","message":"HTTP Request: {\"method\":\"GET\",\"url\":\"/api-docs/swagger-ui-bundle.js\",\"status\":\"304\",\"response_time\":\"4.613ms\"}\n","timestamp":"2025-04-21T06:08:29.859Z"}
{"level":"info","message":"HTTP Request: {\"method\":\"GET\",\"url\":\"/api-docs/swagger-ui-standalone-preset.js\",\"status\":\"304\",\"response_time\":\"1.280ms\"}\n","timestamp":"2025-04-21T06:08:29.862Z"}
{"level":"info","message":"HTTP Request: {\"method\":\"GET\",\"url\":\"/api-docs/swagger-ui-init.js\",\"status\":\"304\",\"response_time\":\"0.683ms\"}\n","timestamp":"2025-04-21T06:08:29.866Z"}
{"level":"info","message":"HTTP Request: {\"method\":\"GET\",\"url\":\"/api-docs/swagger-ui-init.js\",\"status\":\"200\",\"response_time\":\"0.985ms\"}\n","timestamp":"2025-04-21T06:08:29.880Z"}
{"level":"info","message":"HTTP Request: {\"method\":\"GET\",\"url\":\"/api-docs/swagger-ui-standalone-preset.js\",\"status\":\"200\",\"response_time\":\"5.749ms\"}\n","timestamp":"2025-04-21T06:08:29.892Z"}
{"level":"info","message":"HTTP Request: {\"method\":\"GET\",\"url\":\"/api-docs/swagger-ui-bundle.js\",\"status\":\"200\",\"response_time\":\"5.706ms\"}\n","timestamp":"2025-04-21T06:08:29.905Z"}
{"level":"info","message":"HTTP Request: {\"method\":\"GET\",\"url\":\"/firebase-messaging-sw.js\",\"status\":\"404\",\"response_time\":\"2.314ms\"}\n","timestamp":"2025-04-21T06:08:31.851Z"}
{"level":"info","message":"HTTP Request: {\"method\":\"GET\",\"url\":\"/firebase-messaging-sw.js\",\"status\":\"404\",\"response_time\":\"1.315ms\"}\n","timestamp":"2025-04-21T06:08:31.861Z"}
{"level":"info","message":"HTTP Request: {\"method\":\"GET\",\"url\":\"/api-docs/\",\"status\":\"200\",\"response_time\":\"1.673ms\"}\n","timestamp":"2025-04-21T06:10:10.267Z"}
{"level":"info","message":"HTTP Request: {\"method\":\"GET\",\"url\":\"/api-docs/swagger-ui-init.js\",\"status\":\"200\",\"response_time\":\"0.485ms\"}\n","timestamp":"2025-04-21T06:10:10.320Z"}
{"level":"info","message":"HTTP Request: {\"method\":\"GET\",\"url\":\"/api-docs/swagger-ui.css\",\"status\":\"200\",\"response_time\":\"5.924ms\"}\n","timestamp":"2025-04-21T06:10:10.324Z"}
{"level":"info","message":"HTTP Request: {\"method\":\"GET\",\"url\":\"/api-docs/swagger-ui-standalone-preset.js\",\"status\":\"200\",\"response_time\":\"8.222ms\"}\n","timestamp":"2025-04-21T06:10:10.328Z"}
{"level":"info","message":"HTTP Request: {\"method\":\"GET\",\"url\":\"/api-docs/swagger-ui-init.js\",\"status\":\"304\",\"response_time\":\"1.030ms\"}\n","timestamp":"2025-04-21T06:10:10.335Z"}
{"level":"info","message":"HTTP Request: {\"method\":\"GET\",\"url\":\"/api-docs/swagger-ui-standalone-preset.js\",\"status\":\"304\",\"response_time\":\"1.811ms\"}\n","timestamp":"2025-04-21T06:10:10.343Z"}
{"level":"info","message":"HTTP Request: {\"method\":\"GET\",\"url\":\"/api-docs/swagger-ui-bundle.js\",\"status\":\"200\",\"response_time\":\"6.908ms\"}\n","timestamp":"2025-04-21T06:10:10.346Z"}
{"level":"info","message":"HTTP Request: {\"method\":\"GET\",\"url\":\"/api-docs/favicon-32x32.png\",\"status\":\"304\",\"response_time\":\"0.826ms\"}\n","timestamp":"2025-04-21T06:10:10.673Z"}
{"level":"info","message":"HTTP Request: {\"method\":\"GET\",\"url\":\"/api-docs/swagger-ui-bundle.js\",\"status\":\"304\",\"response_time\":\"0.791ms\"}\n","timestamp":"2025-04-21T06:10:10.885Z"}
{"level":"info","message":"HTTP Request: {\"method\":\"GET\",\"url\":\"/api-docs/\",\"status\":\"304\",\"response_time\":\"1.677ms\"}\n","timestamp":"2025-04-21T06:10:12.488Z"}
{"level":"info","message":"HTTP Request: {\"method\":\"GET\",\"url\":\"/api-docs/swagger-ui-init.js\",\"status\":\"304\",\"response_time\":\"0.588ms\"}\n","timestamp":"2025-04-21T06:10:12.534Z"}
{"level":"info","message":"HTTP Request: {\"method\":\"GET\",\"url\":\"/api-docs/swagger-ui.css\",\"status\":\"304\",\"response_time\":\"5.311ms\"}\n","timestamp":"2025-04-21T06:10:12.536Z"}
{"level":"info","message":"HTTP Request: {\"method\":\"GET\",\"url\":\"/api-docs/swagger-ui-bundle.js\",\"status\":\"304\",\"response_time\":\"5.742ms\"}\n","timestamp":"2025-04-21T06:10:12.537Z"}
{"level":"info","message":"HTTP Request: {\"method\":\"GET\",\"url\":\"/api-docs/swagger-ui-standalone-preset.js\",\"status\":\"304\",\"response_time\":\"6.588ms\"}\n","timestamp":"2025-04-21T06:10:12.539Z"}
{"level":"info","message":"HTTP Request: {\"method\":\"GET\",\"url\":\"/api-docs/swagger-ui-init.js\",\"status\":\"304\",\"response_time\":\"0.889ms\"}\n","timestamp":"2025-04-21T06:10:12.546Z"}
{"level":"info","message":"HTTP Request: {\"method\":\"GET\",\"url\":\"/api-docs/swagger-ui-standalone-preset.js\",\"status\":\"304\",\"response_time\":\"1.185ms\"}\n","timestamp":"2025-04-21T06:10:12.555Z"}
{"level":"info","message":"HTTP Request: {\"method\":\"GET\",\"url\":\"/api-docs/favicon-32x32.png\",\"status\":\"304\",\"response_time\":\"0.694ms\"}\n","timestamp":"2025-04-21T06:10:12.767Z"}
{"level":"info","message":"HTTP Request: {\"method\":\"GET\",\"url\":\"/api-docs/swagger-ui-bundle.js\",\"status\":\"304\",\"response_time\":\"0.727ms\"}\n","timestamp":"2025-04-21T06:10:13.087Z"}
{"level":"info","message":"HTTP Request: {\"method\":\"GET\",\"url\":\"/firebase-messaging-sw.js\",\"status\":\"404\",\"response_time\":\"1.515ms\"}\n","timestamp":"2025-04-21T06:10:14.443Z"}
{"level":"info","message":"HTTP Request: {\"method\":\"GET\",\"url\":\"/firebase-messaging-sw.js\",\"status\":\"404\",\"response_time\":\"0.938ms\"}\n","timestamp":"2025-04-21T06:10:14.453Z"}
{"level":"info","message":"Server running on port 3000","timestamp":"2025-04-21T06:10:20.950Z"}
{"level":"info","message":"HTTP Request: {\"method\":\"GET\",\"url\":\"/api-docs/\",\"status\":\"304\",\"response_time\":\"6.130ms\"}\n","timestamp":"2025-04-21T06:10:24.216Z"}
{"level":"info","message":"HTTP Request: {\"method\":\"GET\",\"url\":\"/api-docs/swagger-ui.css\",\"status\":\"304\",\"response_time\":\"6.327ms\"}\n","timestamp":"2025-04-21T06:10:24.270Z"}
{"level":"info","message":"HTTP Request: {\"method\":\"GET\",\"url\":\"/api-docs/swagger-ui-bundle.js\",\"status\":\"304\",\"response_time\":\"6.268ms\"}\n","timestamp":"2025-04-21T06:10:24.273Z"}
{"level":"info","message":"HTTP Request: {\"method\":\"GET\",\"url\":\"/api-docs/swagger-ui-standalone-preset.js\",\"status\":\"304\",\"response_time\":\"1.758ms\"}\n","timestamp":"2025-04-21T06:10:24.277Z"}
{"level":"info","message":"HTTP Request: {\"method\":\"GET\",\"url\":\"/api-docs/swagger-ui-init.js\",\"status\":\"200\",\"response_time\":\"1.359ms\"}\n","timestamp":"2025-04-21T06:10:24.281Z"}
{"level":"info","message":"HTTP Request: {\"method\":\"GET\",\"url\":\"/api-docs/swagger-ui-standalone-preset.js\",\"status\":\"304\",\"response_time\":\"1.233ms\"}\n","timestamp":"2025-04-21T06:10:24.292Z"}
{"level":"info","message":"HTTP Request: {\"method\":\"GET\",\"url\":\"/api-docs/swagger-ui-bundle.js\",\"status\":\"304\",\"response_time\":\"1.404ms\"}\n","timestamp":"2025-04-21T06:10:24.296Z"}
{"level":"info","message":"HTTP Request: {\"method\":\"GET\",\"url\":\"/api-docs/favicon-32x32.png\",\"status\":\"304\",\"response_time\":\"1.191ms\"}\n","timestamp":"2025-04-21T06:10:24.493Z"}
{"level":"info","message":"HTTP Request: {\"method\":\"GET\",\"url\":\"/firebase-messaging-sw.js\",\"status\":\"404\",\"response_time\":\"3.618ms\"}\n","timestamp":"2025-04-21T06:10:26.160Z"}
{"level":"info","message":"HTTP Request: {\"method\":\"GET\",\"url\":\"/api-docs/\",\"status\":\"304\",\"response_time\":\"1.403ms\"}\n","timestamp":"2025-04-21T06:13:45.148Z"}
{"level":"info","message":"HTTP Request: {\"method\":\"GET\",\"url\":\"/api-docs/swagger-ui.css\",\"status\":\"304\",\"response_time\":\"2.572ms\"}\n","timestamp":"2025-04-21T06:13:45.209Z"}
{"level":"info","message":"HTTP Request: {\"method\":\"GET\",\"url\":\"/api-docs/swagger-ui-bundle.js\",\"status\":\"304\",\"response_time\":\"3.058ms\"}\n","timestamp":"2025-04-21T06:13:45.211Z"}
{"level":"info","message":"HTTP Request: {\"method\":\"GET\",\"url\":\"/api-docs/swagger-ui-standalone-preset.js\",\"status\":\"304\",\"response_time\":\"1.682ms\"}\n","timestamp":"2025-04-21T06:13:45.216Z"}
{"level":"info","message":"HTTP Request: {\"method\":\"GET\",\"url\":\"/api-docs/swagger-ui-init.js\",\"status\":\"304\",\"response_time\":\"0.870ms\"}\n","timestamp":"2025-04-21T06:13:45.220Z"}
{"level":"info","message":"HTTP Request: {\"method\":\"GET\",\"url\":\"/api-docs/favicon-32x32.png\",\"status\":\"304\",\"response_time\":\"0.821ms\"}\n","timestamp":"2025-04-21T06:13:45.407Z"}
{"level":"info","message":"HTTP Request: {\"method\":\"GET\",\"url\":\"/firebase-messaging-sw.js\",\"status\":\"404\",\"response_time\":\"1.277ms\"}\n","timestamp":"2025-04-21T06:13:47.064Z"}
{"level":"info","message":"HTTP Request: {\"method\":\"GET\",\"url\":\"/api-docs/\",\"status\":\"304\",\"response_time\":\"1.007ms\"}\n","timestamp":"2025-04-21T06:13:51.686Z"}
{"level":"info","message":"HTTP Request: {\"method\":\"GET\",\"url\":\"/api-docs/swagger-ui.css\",\"status\":\"304\",\"response_time\":\"2.676ms\"}\n","timestamp":"2025-04-21T06:13:51.742Z"}
{"level":"info","message":"HTTP Request: {\"method\":\"GET\",\"url\":\"/api-docs/swagger-ui-bundle.js\",\"status\":\"304\",\"response_time\":\"3.120ms\"}\n","timestamp":"2025-04-21T06:13:51.744Z"}
{"level":"info","message":"HTTP Request: {\"method\":\"GET\",\"url\":\"/api-docs/swagger-ui-standalone-preset.js\",\"status\":\"304\",\"response_time\":\"0.988ms\"}\n","timestamp":"2025-04-21T06:13:51.748Z"}
{"level":"info","message":"HTTP Request: {\"method\":\"GET\",\"url\":\"/api-docs/swagger-ui-init.js\",\"status\":\"304\",\"response_time\":\"0.909ms\"}\n","timestamp":"2025-04-21T06:13:51.752Z"}
{"level":"info","message":"HTTP Request: {\"method\":\"GET\",\"url\":\"/api-docs/favicon-32x32.png\",\"status\":\"304\",\"response_time\":\"1.608ms\"}\n","timestamp":"2025-04-21T06:13:52.017Z"}
{"level":"info","message":"HTTP Request: {\"method\":\"GET\",\"url\":\"/firebase-messaging-sw.js\",\"status\":\"404\",\"response_time\":\"0.950ms\"}\n","timestamp":"2025-04-21T06:13:53.666Z"}
{"level":"info","message":"Server running on port 3000","timestamp":"2025-04-21T06:13:58.206Z"}
{"level":"info","message":"HTTP Request: {\"method\":\"GET\",\"url\":\"/api-docs/\",\"status\":\"304\",\"response_time\":\"9.632ms\"}\n","timestamp":"2025-04-21T06:14:01.814Z"}
{"level":"info","message":"HTTP Request: {\"method\":\"GET\",\"url\":\"/api-docs/swagger-ui.css\",\"status\":\"304\",\"response_time\":\"3.519ms\"}\n","timestamp":"2025-04-21T06:14:01.871Z"}
{"level":"info","message":"HTTP Request: {\"method\":\"GET\",\"url\":\"/api-docs/swagger-ui-bundle.js\",\"status\":\"304\",\"response_time\":\"2.156ms\"}\n","timestamp":"2025-04-21T06:14:01.877Z"}
{"level":"info","message":"HTTP Request: {\"method\":\"GET\",\"url\":\"/api-docs/swagger-ui-standalone-preset.js\",\"status\":\"304\",\"response_time\":\"1.532ms\"}\n","timestamp":"2025-04-21T06:14:01.882Z"}
{"level":"info","message":"HTTP Request: {\"method\":\"GET\",\"url\":\"/api-docs/swagger-ui-init.js\",\"status\":\"200\",\"response_time\":\"1.613ms\"}\n","timestamp":"2025-04-21T06:14:01.888Z"}
{"level":"info","message":"HTTP Request: {\"method\":\"GET\",\"url\":\"/api-docs/favicon-32x32.png\",\"status\":\"304\",\"response_time\":\"0.878ms\"}\n","timestamp":"2025-04-21T06:14:02.172Z"}
{"level":"info","message":"HTTP Request: {\"method\":\"GET\",\"url\":\"/firebase-messaging-sw.js\",\"status\":\"404\",\"response_time\":\"1.853ms\"}\n","timestamp":"2025-04-21T06:14:03.814Z"}
{"level":"info","message":"HTTP Request: {\"method\":\"POST\",\"url\":\"/auth/signup\",\"status\":\"200\",\"response_time\":\"146.823ms\"}\n","timestamp":"2025-04-21T06:14:15.156Z"}
{"level":"info","message":"HTTP Request: {\"method\":\"POST\",\"url\":\"/auth/login\",\"status\":\"200\",\"response_time\":\"115.209ms\"}\n","timestamp":"2025-04-21T06:14:58.045Z"}
{"level":"info","message":"HTTP Request: {\"method\":\"GET\",\"url\":\"/me\",\"status\":\"400\",\"response_time\":\"1.672ms\"}\n","timestamp":"2025-04-21T06:15:27.285Z"}
{"level":"info","message":"HTTP Request: {\"method\":\"GET\",\"url\":\"/me\",\"status\":\"400\",\"response_time\":\"0.861ms\"}\n","timestamp":"2025-04-21T06:19:18.756Z"}
{"level":"info","message":"HTTP Request: {\"method\":\"GET\",\"url\":\"/me\",\"status\":\"200\",\"response_time\":\"23.560ms\"}\n","timestamp":"2025-04-21T06:20:35.739Z"}
{"level":"info","message":"Attempting to create photo","timestamp":"2025-04-21T06:21:21.158Z","user":"03a8ad0f-1d4f-4739-a4b1-24a74d6d47f4"}
{"error":"Cannot read properties of undefined (reading 'tempFilePath')","level":"error","message":"Error creating photo","stack":"TypeError: Cannot read properties of undefined (reading 'tempFilePath')\n    at file:///home/user/Desktop/Coding/Coding%20Test%201/api/photos.api.js:37:41\n    at Layer.handleRequest (/home/user/Desktop/Coding/Coding Test 1/node_modules/router/lib/layer.js:152:17)\n    at next (/home/user/Desktop/Coding/Coding Test 1/node_modules/router/lib/route.js:157:13)\n    at file:///home/user/Desktop/Coding/Coding%20Test%201/node_modules/express-rate-limit/dist/index.mjs:794:7\n    at process.processTicksAndRejections (node:internal/process/task_queues:95:5)\n    at async file:///home/user/Desktop/Coding/Coding%20Test%201/node_modules/express-rate-limit/dist/index.mjs:676:5","timestamp":"2025-04-21T06:21:21.159Z","user":"03a8ad0f-1d4f-4739-a4b1-24a74d6d47f4"}
{"level":"info","message":"HTTP Request: {\"method\":\"POST\",\"url\":\"/photos/upload\",\"status\":\"500\",\"response_time\":\"51.507ms\"}\n","timestamp":"2025-04-21T06:21:21.161Z"}
{"level":"info","message":"Server running on port 3000","timestamp":"2025-04-21T06:22:35.822Z"}
{"level":"info","message":"Attempting to create photo","timestamp":"2025-04-21T06:22:45.026Z","user":"03a8ad0f-1d4f-4739-a4b1-24a74d6d47f4"}
{"error":"Cannot read properties of undefined (reading 'tempFilePath')","level":"error","message":"Error creating photo","stack":"TypeError: Cannot read properties of undefined (reading 'tempFilePath')\n    at file:///home/user/Desktop/Coding/Coding%20Test%201/api/photos.api.js:37:41\n    at Layer.handleRequest (/home/user/Desktop/Coding/Coding Test 1/node_modules/router/lib/layer.js:152:17)\n    at next (/home/user/Desktop/Coding/Coding Test 1/node_modules/router/lib/route.js:157:13)\n    at file:///home/user/Desktop/Coding/Coding%20Test%201/node_modules/express-rate-limit/dist/index.mjs:794:7\n    at process.processTicksAndRejections (node:internal/process/task_queues:95:5)\n    at async file:///home/user/Desktop/Coding/Coding%20Test%201/node_modules/express-rate-limit/dist/index.mjs:676:5","timestamp":"2025-04-21T06:22:45.026Z","user":"03a8ad0f-1d4f-4739-a4b1-24a74d6d47f4"}
{"level":"info","message":"HTTP Request: {\"method\":\"POST\",\"url\":\"/photos/upload\",\"status\":\"500\",\"response_time\":\"24.198ms\"}\n","timestamp":"2025-04-21T06:22:45.030Z"}
{"level":"info","message":"HTTP Request: {\"method\":\"GET\",\"url\":\"/api-docs/\",\"status\":\"304\",\"response_time\":\"4.197ms\"}\n","timestamp":"2025-04-21T06:22:57.685Z"}
{"level":"info","message":"HTTP Request: {\"method\":\"GET\",\"url\":\"/api-docs/swagger-ui.css\",\"status\":\"304\",\"response_time\":\"4.647ms\"}\n","timestamp":"2025-04-21T06:22:57.741Z"}
{"level":"info","message":"HTTP Request: {\"method\":\"GET\",\"url\":\"/api-docs/swagger-ui-bundle.js\",\"status\":\"304\",\"response_time\":\"2.259ms\"}\n","timestamp":"2025-04-21T06:22:57.747Z"}
{"level":"info","message":"HTTP Request: {\"method\":\"GET\",\"url\":\"/api-docs/swagger-ui-standalone-preset.js\",\"status\":\"304\",\"response_time\":\"1.241ms\"}\n","timestamp":"2025-04-21T06:22:57.752Z"}
{"level":"info","message":"HTTP Request: {\"method\":\"GET\",\"url\":\"/api-docs/swagger-ui-init.js\",\"status\":\"200\",\"response_time\":\"1.318ms\"}\n","timestamp":"2025-04-21T06:22:57.757Z"}
{"level":"info","message":"HTTP Request: {\"method\":\"GET\",\"url\":\"/api-docs/favicon-32x32.png\",\"status\":\"304\",\"response_time\":\"1.876ms\"}\n","timestamp":"2025-04-21T06:22:58.071Z"}
{"level":"info","message":"HTTP Request: {\"method\":\"GET\",\"url\":\"/firebase-messaging-sw.js\",\"status\":\"404\",\"response_time\":\"2.593ms\"}\n","timestamp":"2025-04-21T06:22:59.799Z"}
{"level":"info","message":"HTTP Request: {\"method\":\"POST\",\"url\":\"/photos/upload\",\"status\":\"401\",\"response_time\":\"5.070ms\"}\n","timestamp":"2025-04-21T06:23:48.065Z"}
{"level":"info","message":"HTTP Request: {\"method\":\"POST\",\"url\":\"/auth/login\",\"status\":\"200\",\"response_time\":\"138.630ms\"}\n","timestamp":"2025-04-21T06:24:11.191Z"}
{"level":"info","message":"Attempting to create photo","timestamp":"2025-04-21T06:24:33.371Z","user":"03a8ad0f-1d4f-4739-a4b1-24a74d6d47f4"}
{"level":"info","message":"Photo created successfully","photoId":"xdutauol7wajdjikui9o","timestamp":"2025-04-21T06:24:38.692Z"}
{"level":"info","message":"HTTP Request: {\"method\":\"POST\",\"url\":\"/photos/upload\",\"status\":\"200\",\"response_time\":\"5361.095ms\"}\n","timestamp":"2025-04-21T06:24:38.694Z"}
{"level":"info","message":"HTTP Request: {\"method\":\"GET\",\"url\":\"/photos?page=1&pageSize=10\",\"status\":\"200\",\"response_time\":\"30.521ms\"}\n","timestamp":"2025-04-21T06:25:25.488Z"}
{"level":"info","message":"HTTP Request: {\"method\":\"GET\",\"url\":\"/photos/a78bf31a-d1f6-4af0-a06a-07a6af4456a6\",\"status\":\"200\",\"response_time\":\"23.176ms\"}\n","timestamp":"2025-04-21T06:25:40.257Z"}
{"level":"info","message":"HTTP Request: {\"method\":\"DELETE\",\"url\":\"/photos/a78bf31a-d1f6-4af0-a06a-07a6af4456a6\",\"status\":\"200\",\"response_time\":\"2535.969ms\"}\n","timestamp":"2025-04-21T06:25:58.049Z"}
